<?xml version="1.0" encoding="UTF-8"?>
<!-- Generated by org.testng.reporters.JUnitReportReporter -->
<testsuite hostname="rkagr55" failures="0" tests="2" name="tests.TCID1" time="2.700" errors="0" timestamp="2022-06-13T22:19:08 IST" skipped="0">
  <testcase classname="tests.TCID1" name="Test2" time="0.643"/>
  <system-out/>
  <testcase classname="tests.TCID1" name="Test1" time="2.057"/>
  <system-out/>
</testsuite> <!-- tests.TCID1 -->
